2024-06-04 21:50:08 - Electrolinera 1 - ERROR - Revise el modulo USB - RS-485 del cargador
2024-06-04 21:50:08 - Electrolinera 1 - ERROR - Revise el modulo USB - RS-485 del medidor
2024-06-04 21:52:14 - Electrolinera 1 - ERROR - [31mRevise el modulo USB - RS-485 del cargador[0m
2024-06-04 21:52:14 - Electrolinera 1 - ERROR - [31mRevise el modulo USB - RS-485 del medidor[0m
2024-06-04 22:03:30 - Electrolinera 1 - ERROR - [31mRevise el modulo USB - RS-485 del cargador[0m
2024-06-04 22:03:30 - Electrolinera 1 - ERROR - [31mRevise el modulo USB - RS-485 del medidor[0m
2024-06-04 22:08:48 - Electrolinera 1 - ERROR - [31mRevise el modulo USB - RS-485 del cargador[0m
2024-06-04 22:08:48 - Electrolinera 1 - ERROR - [31mRevise el modulo USB - RS-485 del medidor[0m
2024-06-04 22:10:46 - Electrolinera 1 - ERROR - [31mRevise el modulo USB - RS-485 del cargador[0m
2024-06-04 22:10:46 - Electrolinera 1 - ERROR - [31mRevise el modulo USB - RS-485 del medidor[0m
2024-06-04 22:30:37 - Electrolinera 1 - ERROR - [31mRevise el modulo USB - RS-485 del cargador[0m
2024-06-04 22:30:37 - Electrolinera 1 - ERROR - [31mRevise el modulo USB - RS-485 del medidor[0m
2024-06-04 23:00:10 - Electrolinera 1 - ERROR - [31mRevise el modulo USB - RS-485 del medidor[0m
2024-06-04 23:00:11 - Electrolinera 1 - ERROR - Ocurrió un error al intentar conectar: name 'ser' is not defined
2024-06-04 23:00:17 - Electrolinera 1 - ERROR - Ocurrió un error al intentar conectar: name 'ser' is not defined
2024-06-04 23:00:23 - Electrolinera 1 - ERROR - Ocurrió un error al intentar conectar: name 'ser' is not defined
2024-06-04 23:00:29 - Electrolinera 1 - ERROR - Ocurrió un error al intentar conectar: name 'ser' is not defined
2024-06-04 23:01:33 - Electrolinera 1 - ERROR - [31mRevise el modulo USB - RS-485 del medidor[0m
2024-06-04 23:01:34 - Electrolinera 1 - ERROR - Ocurrió un error al intentar conectar: TypeConstraintViolationError: Payload for Action is syntactically correct but at least one of the fields violates data type constraints (e.g. “somestring”: 12),  {'cause': "'Estado del cargador: Desconocido - Sin respuesta del cargador' is too long", 'ocpp_message': <Call - unique_id=f2a604b0-09db-4fc2-8e10-dce22f4e4aff, action=StatusNotification, payload={'connectorId': 0, 'errorCode': 'InternalError', 'status': 'Unavailable', 'info': 'Estado del cargador: Desconocido - Sin respuesta del cargador'}>}
2024-06-04 23:03:06 - Electrolinera 1 - ERROR - Ocurrió un error al intentar conectar: TypeConstraintViolationError: Payload for Action is syntactically correct but at least one of the fields violates data type constraints (e.g. “somestring”: 12),  {'cause': "'Estado del cargador: Desconocido - Sin respuesta del cargador' is too long", 'ocpp_message': <Call - unique_id=fdcddc41-2710-4330-b96e-668e5d18f3ff, action=StatusNotification, payload={'connectorId': 0, 'errorCode': 'InternalError', 'status': 'Unavailable', 'info': 'Estado del cargador: Desconocido - Sin respuesta del cargador'}>}
2024-06-04 23:03:12 - Electrolinera 1 - ERROR - Ocurrió un error al intentar conectar: TypeConstraintViolationError: Payload for Action is syntactically correct but at least one of the fields violates data type constraints (e.g. “somestring”: 12),  {'cause': "'Estado del cargador: Desconocido - Sin respuesta del cargador' is too long", 'ocpp_message': <Call - unique_id=ab5ef34b-93e5-446b-9ab3-daeb3e33fa2c, action=StatusNotification, payload={'connectorId': 0, 'errorCode': 'InternalError', 'status': 'Unavailable', 'info': 'Estado del cargador: Desconocido - Sin respuesta del cargador'}>}
2024-06-04 23:06:14 - Electrolinera 1 - ERROR - Ocurrió un error al intentar conectar: Waited 30s for response on [2,"45b75be7-ebcf-41e6-973e-2fc388f3e0ba","BootNotification",{"chargePointModel":"20KWCharger","chargePointVendor":"BYD","chargeBoxSerialNumber":"00000004b8820ae","chargePointSerialNumber":"00000004b8820ae","firmwareVersion":"3.00a","meterSerialNumber":"12345678901234567890","meterType":"Single/Three Phase"}].
2024-06-04 23:06:21 - Electrolinera 1 - ERROR - Ocurrió un error al intentar conectar: local variable 'counter' referenced before assignment
2024-06-04 23:07:33 - Electrolinera 1 - ERROR - Ocurrió un error al intentar conectar: local variable 'counter' referenced before assignment
2024-06-04 23:07:39 - Electrolinera 1 - ERROR - Ocurrió un error al intentar conectar: local variable 'counter' referenced before assignment
2024-06-04 23:07:45 - Electrolinera 1 - ERROR - Ocurrió un error al intentar conectar: local variable 'counter' referenced before assignment
2024-06-05 12:44:57 - Electrolinera 1 - ERROR - Sin respuesta del cargador
2024-06-05 12:44:58 - Electrolinera 1 - ERROR - Sin respuesta del cargador
2024-06-05 12:44:59 - Electrolinera 1 - ERROR - Sin respuesta del medidor
2024-06-05 12:45:00 - Electrolinera 1 - ERROR - Sin respuesta del medidor
2024-06-05 12:45:00 - Electrolinera 1 - ERROR - Sin respuesta del medidor
2024-06-05 12:45:01 - Electrolinera 1 - ERROR - Sin respuesta del medidor
2024-06-05 12:54:16 - Electrolinera 1 - ERROR - Sin respuesta del cargador
2024-06-05 12:54:17 - Electrolinera 1 - ERROR - Sin respuesta del cargador
2024-06-05 12:54:18 - Electrolinera 1 - ERROR - Sin respuesta del medidor
2024-06-05 12:54:19 - Electrolinera 1 - ERROR - Sin respuesta del medidor
2024-06-05 12:54:20 - Electrolinera 1 - ERROR - Sin respuesta del medidor
2024-06-05 12:54:21 - Electrolinera 1 - ERROR - Sin respuesta del medidor
2024-06-05 12:54:23 - Electrolinera 1 - ERROR - Sin respuesta del cargador
2024-06-05 12:54:24 - Electrolinera 1 - ERROR - Sin respuesta del cargador
2024-06-05 16:01:05 - Electrolinera 1 - ERROR - Sin respuesta del cargador
2024-06-05 16:01:06 - Electrolinera 1 - ERROR - Sin respuesta del cargador
2024-06-05 16:01:07 - Electrolinera 1 - ERROR - Sin respuesta del medidor
2024-06-05 16:01:08 - Electrolinera 1 - ERROR - Sin respuesta del medidor
2024-06-05 16:01:09 - Electrolinera 1 - ERROR - Sin respuesta del medidor
2024-06-05 16:01:10 - Electrolinera 1 - ERROR - Sin respuesta del medidor
2024-06-05 16:01:12 - Electrolinera 1 - ERROR - Sin respuesta del cargador
2024-06-05 16:01:13 - Electrolinera 1 - ERROR - Sin respuesta del cargador
2024-06-05 17:06:47 - Electrolinera 1 - ERROR - Sin respuesta del cargador
2024-06-05 17:06:48 - Electrolinera 1 - ERROR - Sin respuesta del cargador
2024-06-05 17:06:48 - Electrolinera 1 - ERROR - Sin respuesta del medidor
2024-06-05 17:06:49 - Electrolinera 1 - ERROR - Sin respuesta del medidor
2024-06-05 17:06:50 - Electrolinera 1 - ERROR - Sin respuesta del medidor
2024-06-05 17:06:51 - Electrolinera 1 - ERROR - Sin respuesta del medidor
2024-06-05 17:06:53 - Electrolinera 1 - ERROR - Sin respuesta del cargador
2024-06-05 17:06:54 - Electrolinera 1 - ERROR - Sin respuesta del cargador
2024-06-05 17:13:54 - Electrolinera 1 - ERROR - Sin respuesta del cargador
2024-06-05 17:13:55 - Electrolinera 1 - ERROR - Sin respuesta del cargador
2024-06-05 17:13:56 - Electrolinera 1 - ERROR - Sin respuesta del medidor
2024-06-05 17:13:57 - Electrolinera 1 - ERROR - Sin respuesta del medidor
2024-06-05 17:13:58 - Electrolinera 1 - ERROR - Sin respuesta del medidor
2024-06-05 17:13:58 - Electrolinera 1 - ERROR - Sin respuesta del medidor
2024-06-05 17:14:00 - Electrolinera 1 - ERROR - Sin respuesta del cargador
2024-06-05 17:14:01 - Electrolinera 1 - ERROR - Sin respuesta del cargador
2024-06-05 17:14:54 - Electrolinera 1 - ERROR - Sin respuesta del cargador
2024-06-05 17:14:55 - Electrolinera 1 - ERROR - Sin respuesta del cargador
2024-06-05 17:14:56 - Electrolinera 1 - ERROR - Sin respuesta del medidor
2024-06-05 17:14:57 - Electrolinera 1 - ERROR - Sin respuesta del medidor
2024-06-05 17:14:58 - Electrolinera 1 - ERROR - Sin respuesta del medidor
2024-06-05 17:14:58 - Electrolinera 1 - ERROR - Sin respuesta del medidor
2024-06-05 17:15:00 - Electrolinera 1 - ERROR - Sin respuesta del cargador
2024-06-05 17:15:01 - Electrolinera 1 - ERROR - Sin respuesta del cargador
2024-06-05 17:21:12 - Electrolinera 1 - ERROR - Sin respuesta del cargador
2024-06-05 17:21:13 - Electrolinera 1 - ERROR - Sin respuesta del cargador
2024-06-05 17:21:14 - Electrolinera 1 - ERROR - Sin respuesta del medidor
2024-06-05 17:21:15 - Electrolinera 1 - ERROR - Sin respuesta del medidor
2024-06-05 17:21:16 - Electrolinera 1 - ERROR - Sin respuesta del medidor
2024-06-05 17:21:17 - Electrolinera 1 - ERROR - Sin respuesta del medidor
2024-06-05 18:21:50 - Electrolinera 1 - ERROR - Sin respuesta del cargador
2024-06-05 18:21:51 - Electrolinera 1 - ERROR - Sin respuesta del cargador
2024-06-05 18:21:52 - Electrolinera 1 - ERROR - Sin respuesta del medidor
2024-06-05 18:21:52 - Electrolinera 1 - ERROR - Sin respuesta del medidor
2024-06-05 18:21:53 - Electrolinera 1 - ERROR - Sin respuesta del medidor
2024-06-05 18:21:54 - Electrolinera 1 - ERROR - Sin respuesta del medidor
